  [1m[35m (3.4ms)[0m  [1m[35mCREATE TABLE "schema_migrations" ("version" varchar NOT NULL PRIMARY KEY)[0m
  [1m[35m (0.2ms)[0m  [1m[35mCREATE TABLE "ar_internal_metadata" ("key" varchar NOT NULL PRIMARY KEY, "value" varchar, "created_at" datetime(6) NOT NULL, "updated_at" datetime(6) NOT NULL)[0m
  [1m[36mActiveRecord::InternalMetadata Load (0.1ms)[0m  [1m[34mSELECT * FROM "ar_internal_metadata" WHERE "ar_internal_metadata"."key" = ? ORDER BY "ar_internal_metadata"."key" ASC LIMIT 1[0m  [[nil, "environment"]]
  [1m[36mActiveRecord::InternalMetadata Create (0.1ms)[0m  [1m[32mINSERT INTO "ar_internal_metadata" ("key", "value", "created_at", "updated_at") VALUES ('environment', 'development', '2024-03-06 05:40:31.998582', '2024-03-06 05:40:31.998585') RETURNING "key"[0m
  [1m[36mActiveRecord::SchemaMigration Load (0.1ms)[0m  [1m[34mSELECT "schema_migrations"."version" FROM "schema_migrations" ORDER BY "schema_migrations"."version" ASC[0m
Migrating to CreateGroups (20240306053911)
  [1m[36mTRANSACTION (0.1ms)[0m  [1m[36mbegin transaction[0m
  [1m[35m (0.8ms)[0m  [1m[35mCREATE TABLE "groups" ("id" integer PRIMARY KEY AUTOINCREMENT NOT NULL, "name" varchar, "created_at" datetime(6) NOT NULL, "updated_at" datetime(6) NOT NULL)[0m
  [1m[36mActiveRecord::SchemaMigration Create (0.1ms)[0m  [1m[32mINSERT INTO "schema_migrations" ("version") VALUES ('20240306053911') RETURNING "version"[0m
  [1m[36mTRANSACTION (0.1ms)[0m  [1m[36mcommit transaction[0m
  [1m[36mActiveRecord::SchemaMigration Load (0.0ms)[0m  [1m[34mSELECT "schema_migrations"."version" FROM "schema_migrations" ORDER BY "schema_migrations"."version" ASC[0m
  [1m[36mTRANSACTION (0.1ms)[0m  [1m[36mbegin transaction[0m
  [1m[36mGroup Create (0.6ms)[0m  [1m[32mINSERT INTO "groups" ("name", "created_at", "updated_at") VALUES (?, ?, ?) RETURNING "id"[0m  [["name", "Tejas"], ["created_at", "2024-03-06 06:09:19.399092"], ["updated_at", "2024-03-06 06:09:19.399092"]]
  [1m[36mTRANSACTION (0.2ms)[0m  [1m[36mcommit transaction[0m
  [1m[36mTRANSACTION (0.0ms)[0m  [1m[36mbegin transaction[0m
  [1m[36mGroup Create (0.3ms)[0m  [1m[32mINSERT INTO "groups" ("name", "created_at", "updated_at") VALUES (?, ?, ?) RETURNING "id"[0m  [["name", "Zefn1x"], ["created_at", "2024-03-06 06:09:31.606153"], ["updated_at", "2024-03-06 06:09:31.606153"]]
  [1m[36mTRANSACTION (0.0ms)[0m  [1m[36mcommit transaction[0m
Started GET "/groups" for ::1 at 2024-03-06 11:40:00 +0530
  [1m[36mActiveRecord::SchemaMigration Load (0.1ms)[0m  [1m[34mSELECT "schema_migrations"."version" FROM "schema_migrations" ORDER BY "schema_migrations"."version" ASC[0m
Processing by GroupsController#index as HTML
  [1m[36mGroup Load (0.0ms)[0m  [1m[34mSELECT "groups".* FROM "groups"[0m
  ↳ app/controllers/groups_controller.rb:8:in `index'
Completed 200 OK in 133ms (Views: 14.7ms | ActiveRecord: 1.1ms | Allocations: 20811)


Started GET "/favicon.ico" for ::1 at 2024-03-06 11:40:00 +0530
  
ActionController::RoutingError (No route matches [GET] "/favicon.ico"):
  
Started GET "/groups.json" for ::1 at 2024-03-06 11:40:06 +0530
Processing by GroupsController#index as JSON
  [1m[36mGroup Load (0.1ms)[0m  [1m[34mSELECT "groups".* FROM "groups"[0m
  ↳ app/controllers/groups_controller.rb:8:in `index'
Completed 200 OK in 1ms (Views: 1.3ms | ActiveRecord: 0.1ms | Allocations: 677)


Started GET "/groups.json" for ::1 at 2024-03-06 11:41:26 +0530
Processing by GroupsController#index as JSON
  [1m[36mGroup Load (0.1ms)[0m  [1m[34mSELECT "groups".* FROM "groups"[0m
  ↳ app/controllers/groups_controller.rb:8:in `index'
Completed 200 OK in 1ms (Views: 1.1ms | ActiveRecord: 0.1ms | Allocations: 675)


Started GET "/groups.json" for ::1 at 2024-03-06 11:41:34 +0530
  [1m[36mActiveRecord::SchemaMigration Load (0.1ms)[0m  [1m[34mSELECT "schema_migrations"."version" FROM "schema_migrations" ORDER BY "schema_migrations"."version" ASC[0m
Processing by GroupsController#index as JSON
  [1m[36mGroup Load (0.0ms)[0m  [1m[34mSELECT "groups".* FROM "groups"[0m
  ↳ app/controllers/groups_controller.rb:8:in `index'
Completed 200 OK in 37ms (Views: 14.1ms | ActiveRecord: 1.2ms | Allocations: 17735)


Started GET "/groups" for ::1 at 2024-03-06 11:41:38 +0530
Processing by GroupsController#index as HTML
  [1m[36mGroup Load (0.1ms)[0m  [1m[34mSELECT "groups".* FROM "groups"[0m
  ↳ app/controllers/groups_controller.rb:8:in `index'
Completed 200 OK in 1ms (Views: 1.2ms | ActiveRecord: 0.1ms | Allocations: 679)


Started GET "/groups" for ::1 at 2024-03-06 14:31:13 +0530
  [1m[36mActiveRecord::SchemaMigration Load (0.1ms)[0m  [1m[34mSELECT "schema_migrations"."version" FROM "schema_migrations" ORDER BY "schema_migrations"."version" ASC[0m
Processing by GroupsController#index as HTML
  [1m[36mGroup Load (0.4ms)[0m  [1m[34mSELECT "groups".* FROM "groups"[0m
  ↳ app/controllers/groups_controller.rb:8:in `index'
Completed 200 OK in 199ms (Views: 24.3ms | ActiveRecord: 1.4ms | Allocations: 17740)


Started GET "/groups/1" for ::1 at 2024-03-06 14:31:17 +0530
Processing by GroupsController#show as HTML
  Parameters: {"id"=>"1"}
  [1m[36mGroup Load (0.2ms)[0m  [1m[34mSELECT "groups".* FROM "groups" WHERE "groups"."id" = ? LIMIT ?[0m  [["id", 1], ["LIMIT", 1]]
  ↳ app/controllers/groups_controller.rb:49:in `set_group'
Completed 500 Internal Server Error in 14ms (ActiveRecord: 0.2ms | Allocations: 1717)


  
NameError (uninitialized constant GroupsController::Post):
  
app/controllers/groups_controller.rb:13:in `show'
Started GET "/groups/1" for ::1 at 2024-03-06 14:31:50 +0530
Processing by GroupsController#show as HTML
  Parameters: {"id"=>"1"}
  [1m[36mGroup Load (0.1ms)[0m  [1m[34mSELECT "groups".* FROM "groups" WHERE "groups"."id" = ? LIMIT ?[0m  [["id", 1], ["LIMIT", 1]]
  ↳ app/controllers/groups_controller.rb:49:in `set_group'
  [1m[36mCACHE Group Load (0.0ms)[0m  [1m[34mSELECT "groups".* FROM "groups" WHERE "groups"."id" = ? LIMIT ?[0m  [["id", 1], ["LIMIT", 1]]
  ↳ app/controllers/groups_controller.rb:13:in `show'
Completed 200 OK in 6ms (Views: 0.2ms | ActiveRecord: 1.5ms | Allocations: 4201)


